[2017-11-19 16:10:22] slim-app.INFO: Slim-Skeleton '/' route [] {"uid":"1e8839a"}
[2017-11-19 16:21:28] my_logger.DEBUG: CORS analysis for request started. [] []
[2017-11-19 16:21:28] my_logger.INFO: Request is not CORS (request origin is empty). {"request":null,"server":"[object] (Neomerx\\Cors\\Http\\ParsedUrl: ://)"} []
[2017-11-19 16:21:28] my_logger.DEBUG: CORS analysis for request completed. [] []
[2017-11-19 16:21:28] my_logger.WARNING: Token not found [] []
[2017-11-19 16:21:29] my_logger.DEBUG: CORS analysis for request started. [] []
[2017-11-19 16:21:29] my_logger.INFO: Request is not CORS (request origin is empty). {"request":null,"server":"[object] (Neomerx\\Cors\\Http\\ParsedUrl: ://)"} []
[2017-11-19 16:21:29] my_logger.DEBUG: CORS analysis for request completed. [] []
[2017-11-19 16:21:29] my_logger.WARNING: Token not found [] []
[2017-11-19 16:21:30] my_logger.DEBUG: CORS analysis for request started. [] []
[2017-11-19 16:21:30] my_logger.INFO: Request is not CORS (request origin is empty). {"request":null,"server":"[object] (Neomerx\\Cors\\Http\\ParsedUrl: ://)"} []
[2017-11-19 16:21:30] my_logger.DEBUG: CORS analysis for request completed. [] []
[2017-11-19 16:21:30] my_logger.WARNING: Token not found [] []
[2017-11-19 16:21:31] my_logger.DEBUG: CORS analysis for request started. [] []
[2017-11-19 16:21:31] my_logger.INFO: Request is not CORS (request origin is empty). {"request":null,"server":"[object] (Neomerx\\Cors\\Http\\ParsedUrl: ://)"} []
[2017-11-19 16:21:31] my_logger.DEBUG: CORS analysis for request completed. [] []
[2017-11-19 16:21:31] my_logger.WARNING: Token not found [] []
[2017-11-19 16:21:31] my_logger.DEBUG: CORS analysis for request started. [] []
[2017-11-19 16:21:31] my_logger.INFO: Request is not CORS (request origin is empty). {"request":null,"server":"[object] (Neomerx\\Cors\\Http\\ParsedUrl: ://)"} []
[2017-11-19 16:21:31] my_logger.DEBUG: CORS analysis for request completed. [] []
[2017-11-19 16:21:31] my_logger.WARNING: Token not found [] []
[2017-11-19 16:21:31] my_logger.DEBUG: CORS analysis for request started. [] []
[2017-11-19 16:21:31] my_logger.INFO: Request is not CORS (request origin is empty). {"request":null,"server":"[object] (Neomerx\\Cors\\Http\\ParsedUrl: ://)"} []
[2017-11-19 16:21:31] my_logger.DEBUG: CORS analysis for request completed. [] []
[2017-11-19 16:21:31] my_logger.WARNING: Token not found [] []
[2017-11-19 16:21:41] my_logger.DEBUG: CORS analysis for request started. [] []
[2017-11-19 16:21:41] my_logger.INFO: Request is not CORS (request origin is empty). {"request":null,"server":"[object] (Neomerx\\Cors\\Http\\ParsedUrl: ://)"} []
[2017-11-19 16:21:41] my_logger.DEBUG: CORS analysis for request completed. [] []
[2017-11-19 16:21:41] my_logger.DEBUG: Using token from environment [] []
[2017-11-19 16:21:42] my_logger.DEBUG: CORS analysis for request started. [] []
[2017-11-19 16:21:42] my_logger.INFO: Request is not CORS (request origin is empty). {"request":null,"server":"[object] (Neomerx\\Cors\\Http\\ParsedUrl: ://)"} []
[2017-11-19 16:21:42] my_logger.DEBUG: CORS analysis for request completed. [] []
[2017-11-19 16:21:42] my_logger.DEBUG: Using token from environment [] []
[2017-11-19 16:21:43] my_logger.DEBUG: CORS analysis for request started. [] []
[2017-11-19 16:21:43] my_logger.INFO: Request is not CORS (request origin is empty). {"request":null,"server":"[object] (Neomerx\\Cors\\Http\\ParsedUrl: ://)"} []
[2017-11-19 16:21:43] my_logger.DEBUG: CORS analysis for request completed. [] []
[2017-11-19 16:21:43] my_logger.DEBUG: Using token from environment [] []
[2017-11-19 16:21:44] my_logger.DEBUG: CORS analysis for request started. [] []
[2017-11-19 16:21:44] my_logger.INFO: Request is not CORS (request origin is empty). {"request":null,"server":"[object] (Neomerx\\Cors\\Http\\ParsedUrl: ://)"} []
[2017-11-19 16:21:44] my_logger.DEBUG: CORS analysis for request completed. [] []
[2017-11-19 16:21:44] my_logger.DEBUG: Using token from environment [] []
[2017-11-19 16:21:58] my_logger.DEBUG: CORS analysis for request started. [] []
[2017-11-19 16:21:58] my_logger.INFO: Request is not CORS (request origin is empty). {"request":null,"server":"[object] (Neomerx\\Cors\\Http\\ParsedUrl: ://)"} []
[2017-11-19 16:21:58] my_logger.DEBUG: CORS analysis for request completed. [] []
[2017-11-19 16:21:58] my_logger.DEBUG: Using token from environment [] []
[2017-11-19 16:22:01] my_logger.DEBUG: CORS analysis for request started. [] []
[2017-11-19 16:22:01] my_logger.INFO: Request is not CORS (request origin is empty). {"request":null,"server":"[object] (Neomerx\\Cors\\Http\\ParsedUrl: ://)"} []
[2017-11-19 16:22:01] my_logger.DEBUG: CORS analysis for request completed. [] []
[2017-11-19 16:22:01] my_logger.DEBUG: Using token from environment [] []
[2017-11-19 16:22:01] my_logger.WARNING: Syntax error, malformed JSON ["yJ0eXAiOiJKV1QiLCJhbGciOiJIUzI1NiJ9.eyJpYXQiOjE1MTExMDQ3MjgsImV4cCI6MTUxMTEwNTMyOCwianRpIjoiM0dyc0Z4Z0hMYUJqN0hkSHJuQnUwQiIsInN1YiI6bnVsbH0.5CbkCpVO0Hk31dDj4C46ni2KovmSeK0f-V-ollEIfzc"] []
[2017-11-19 16:22:07] my_logger.DEBUG: CORS analysis for request started. [] []
[2017-11-19 16:22:07] my_logger.INFO: Request is not CORS (request origin is empty). {"request":null,"server":"[object] (Neomerx\\Cors\\Http\\ParsedUrl: ://)"} []
[2017-11-19 16:22:07] my_logger.DEBUG: CORS analysis for request completed. [] []
[2017-11-19 16:22:07] my_logger.DEBUG: Using token from environment [] []
[2017-11-19 16:48:55] my_logger.DEBUG: CORS analysis for request started. [] []
[2017-11-19 16:48:55] my_logger.INFO: Request is not CORS (request origin is empty). {"request":null,"server":"[object] (Neomerx\\Cors\\Http\\ParsedUrl: ://)"} []
[2017-11-19 16:48:55] my_logger.DEBUG: CORS analysis for request completed. [] []
[2017-11-19 16:48:55] my_logger.DEBUG: Using token from environment [] []
[2017-11-19 16:48:55] my_logger.WARNING: Expired token ["eyJ0eXAiOiJKV1QiLCJhbGciOiJIUzI1NiJ9.eyJpYXQiOjE1MTExMDQ3MjgsImV4cCI6MTUxMTEwNTMyOCwianRpIjoiM0dyc0Z4Z0hMYUJqN0hkSHJuQnUwQiIsInN1YiI6bnVsbH0.5CbkCpVO0Hk31dDj4C46ni2KovmSeK0f-V-ollEIfzc"] []
[2017-11-19 16:49:02] my_logger.DEBUG: CORS analysis for request started. [] []
[2017-11-19 16:49:02] my_logger.INFO: Request is not CORS (request origin is empty). {"request":null,"server":"[object] (Neomerx\\Cors\\Http\\ParsedUrl: ://)"} []
[2017-11-19 16:49:02] my_logger.DEBUG: CORS analysis for request completed. [] []
[2017-11-19 16:49:02] my_logger.WARNING: Token not found [] []
[2017-11-19 16:49:03] my_logger.DEBUG: CORS analysis for request started. [] []
[2017-11-19 16:49:03] my_logger.INFO: Request is not CORS (request origin is empty). {"request":null,"server":"[object] (Neomerx\\Cors\\Http\\ParsedUrl: ://)"} []
[2017-11-19 16:49:03] my_logger.DEBUG: CORS analysis for request completed. [] []
[2017-11-19 16:49:03] my_logger.WARNING: Token not found [] []
[2017-11-19 16:49:03] my_logger.DEBUG: CORS analysis for request started. [] []
[2017-11-19 16:49:03] my_logger.INFO: Request is not CORS (request origin is empty). {"request":null,"server":"[object] (Neomerx\\Cors\\Http\\ParsedUrl: ://)"} []
[2017-11-19 16:49:03] my_logger.DEBUG: CORS analysis for request completed. [] []
[2017-11-19 16:49:03] my_logger.WARNING: Token not found [] []
[2017-11-19 16:49:04] my_logger.DEBUG: CORS analysis for request started. [] []
[2017-11-19 16:49:04] my_logger.INFO: Request is not CORS (request origin is empty). {"request":null,"server":"[object] (Neomerx\\Cors\\Http\\ParsedUrl: ://)"} []
[2017-11-19 16:49:04] my_logger.DEBUG: CORS analysis for request completed. [] []
[2017-11-19 16:49:04] my_logger.WARNING: Token not found [] []
[2017-11-19 16:49:05] my_logger.DEBUG: CORS analysis for request started. [] []
[2017-11-19 16:49:05] my_logger.INFO: Request is not CORS (request origin is empty). {"request":null,"server":"[object] (Neomerx\\Cors\\Http\\ParsedUrl: ://)"} []
[2017-11-19 16:49:05] my_logger.DEBUG: CORS analysis for request completed. [] []
[2017-11-19 16:49:05] my_logger.WARNING: Token not found [] []
[2017-11-19 16:49:07] my_logger.DEBUG: CORS analysis for request started. [] []
[2017-11-19 16:49:07] my_logger.INFO: Request is not CORS (request origin is empty). {"request":null,"server":"[object] (Neomerx\\Cors\\Http\\ParsedUrl: ://)"} []
[2017-11-19 16:49:07] my_logger.DEBUG: CORS analysis for request completed. [] []
[2017-11-19 16:49:07] my_logger.WARNING: Token not found [] []
[2017-11-19 16:49:07] my_logger.DEBUG: CORS analysis for request started. [] []
[2017-11-19 16:49:07] my_logger.INFO: Request is not CORS (request origin is empty). {"request":null,"server":"[object] (Neomerx\\Cors\\Http\\ParsedUrl: ://)"} []
[2017-11-19 16:49:07] my_logger.DEBUG: CORS analysis for request completed. [] []
[2017-11-19 16:49:07] my_logger.WARNING: Token not found [] []
[2017-11-19 16:49:08] my_logger.DEBUG: CORS analysis for request started. [] []
[2017-11-19 16:49:08] my_logger.INFO: Request is not CORS (request origin is empty). {"request":null,"server":"[object] (Neomerx\\Cors\\Http\\ParsedUrl: ://)"} []
[2017-11-19 16:49:08] my_logger.DEBUG: CORS analysis for request completed. [] []
[2017-11-19 16:49:08] my_logger.WARNING: Token not found [] []
[2017-11-19 16:49:08] my_logger.DEBUG: CORS analysis for request started. [] []
[2017-11-19 16:49:08] my_logger.INFO: Request is not CORS (request origin is empty). {"request":null,"server":"[object] (Neomerx\\Cors\\Http\\ParsedUrl: ://)"} []
[2017-11-19 16:49:08] my_logger.DEBUG: CORS analysis for request completed. [] []
[2017-11-19 16:49:08] my_logger.WARNING: Token not found [] []
[2017-11-19 16:49:08] my_logger.DEBUG: CORS analysis for request started. [] []
[2017-11-19 16:49:08] my_logger.INFO: Request is not CORS (request origin is empty). {"request":null,"server":"[object] (Neomerx\\Cors\\Http\\ParsedUrl: ://)"} []
[2017-11-19 16:49:08] my_logger.DEBUG: CORS analysis for request completed. [] []
[2017-11-19 16:49:08] my_logger.WARNING: Token not found [] []
[2017-11-19 16:49:09] my_logger.DEBUG: CORS analysis for request started. [] []
[2017-11-19 16:49:09] my_logger.INFO: Request is not CORS (request origin is empty). {"request":null,"server":"[object] (Neomerx\\Cors\\Http\\ParsedUrl: ://)"} []
[2017-11-19 16:49:09] my_logger.DEBUG: CORS analysis for request completed. [] []
[2017-11-19 16:49:09] my_logger.WARNING: Token not found [] []
[2017-11-19 16:49:10] my_logger.DEBUG: CORS analysis for request started. [] []
[2017-11-19 16:49:10] my_logger.INFO: Request is not CORS (request origin is empty). {"request":null,"server":"[object] (Neomerx\\Cors\\Http\\ParsedUrl: ://)"} []
[2017-11-19 16:49:10] my_logger.DEBUG: CORS analysis for request completed. [] []
[2017-11-19 16:49:10] my_logger.WARNING: Token not found [] []
[2017-11-19 16:49:24] my_logger.DEBUG: CORS analysis for request started. [] []
[2017-11-19 16:49:24] my_logger.INFO: Request is not CORS (request origin is empty). {"request":null,"server":"[object] (Neomerx\\Cors\\Http\\ParsedUrl: ://)"} []
[2017-11-19 16:49:24] my_logger.DEBUG: CORS analysis for request completed. [] []
[2017-11-19 16:49:27] my_logger.DEBUG: CORS analysis for request started. [] []
[2017-11-19 16:49:27] my_logger.INFO: Request is not CORS (request origin is empty). {"request":null,"server":"[object] (Neomerx\\Cors\\Http\\ParsedUrl: ://)"} []
[2017-11-19 16:49:27] my_logger.DEBUG: CORS analysis for request completed. [] []
[2017-11-19 16:49:30] my_logger.DEBUG: CORS analysis for request started. [] []
[2017-11-19 16:49:30] my_logger.INFO: Request is not CORS (request origin is empty). {"request":null,"server":"[object] (Neomerx\\Cors\\Http\\ParsedUrl: ://)"} []
[2017-11-19 16:49:30] my_logger.DEBUG: CORS analysis for request completed. [] []
[2017-11-19 17:14:42] my_logger.DEBUG: CORS analysis for request started. [] []
[2017-11-19 17:14:42] my_logger.INFO: Request is not CORS (request origin is empty). {"request":null,"server":"[object] (Neomerx\\Cors\\Http\\ParsedUrl: ://)"} []
[2017-11-19 17:14:42] my_logger.DEBUG: CORS analysis for request completed. [] []
[2017-11-19 17:15:49] my_logger.DEBUG: CORS analysis for request started. [] []
[2017-11-19 17:15:49] my_logger.INFO: Request is not CORS (request origin is empty). {"request":null,"server":"[object] (Neomerx\\Cors\\Http\\ParsedUrl: ://)"} []
[2017-11-19 17:15:49] my_logger.DEBUG: CORS analysis for request completed. [] []
[2017-11-19 17:16:30] my_logger.DEBUG: CORS analysis for request started. [] []
[2017-11-19 17:16:30] my_logger.INFO: Request is not CORS (request origin is empty). {"request":null,"server":"[object] (Neomerx\\Cors\\Http\\ParsedUrl: ://)"} []
[2017-11-19 17:16:30] my_logger.DEBUG: CORS analysis for request completed. [] []
[2017-11-19 17:45:21] my_logger.DEBUG: CORS analysis for request started. [] []
[2017-11-19 17:45:21] my_logger.INFO: Request is not CORS (request origin is empty). {"request":null,"server":"[object] (Neomerx\\Cors\\Http\\ParsedUrl: ://)"} []
[2017-11-19 17:45:21] my_logger.DEBUG: CORS analysis for request completed. [] []
[2017-11-19 17:46:32] my_logger.DEBUG: CORS analysis for request started. [] []
[2017-11-19 17:46:32] my_logger.INFO: Request is not CORS (request origin is empty). {"request":null,"server":"[object] (Neomerx\\Cors\\Http\\ParsedUrl: ://)"} []
[2017-11-19 17:46:32] my_logger.DEBUG: CORS analysis for request completed. [] []
[2017-11-19 17:47:28] my_logger.DEBUG: CORS analysis for request started. [] []
[2017-11-19 17:47:28] my_logger.INFO: Request is not CORS (request origin is empty). {"request":null,"server":"[object] (Neomerx\\Cors\\Http\\ParsedUrl: ://)"} []
[2017-11-19 17:47:28] my_logger.DEBUG: CORS analysis for request completed. [] []
[2017-11-19 17:47:29] my_logger.DEBUG: CORS analysis for request started. [] []
[2017-11-19 17:47:29] my_logger.INFO: Request is not CORS (request origin is empty). {"request":null,"server":"[object] (Neomerx\\Cors\\Http\\ParsedUrl: ://)"} []
[2017-11-19 17:47:29] my_logger.DEBUG: CORS analysis for request completed. [] []
[2017-11-19 17:47:54] my_logger.DEBUG: CORS analysis for request started. [] []
[2017-11-19 17:47:54] my_logger.INFO: Request is not CORS (request origin is empty). {"request":null,"server":"[object] (Neomerx\\Cors\\Http\\ParsedUrl: ://)"} []
[2017-11-19 17:47:54] my_logger.DEBUG: CORS analysis for request completed. [] []
[2017-11-19 17:48:30] my_logger.DEBUG: CORS analysis for request started. [] []
[2017-11-19 17:48:30] my_logger.INFO: Request is not CORS (request origin is empty). {"request":null,"server":"[object] (Neomerx\\Cors\\Http\\ParsedUrl: ://)"} []
[2017-11-19 17:48:30] my_logger.DEBUG: CORS analysis for request completed. [] []
[2017-11-19 17:49:02] my_logger.DEBUG: CORS analysis for request started. [] []
[2017-11-19 17:49:02] my_logger.INFO: Request is not CORS (request origin is empty). {"request":null,"server":"[object] (Neomerx\\Cors\\Http\\ParsedUrl: ://)"} []
[2017-11-19 17:49:02] my_logger.DEBUG: CORS analysis for request completed. [] []
[2017-11-19 17:50:23] my_logger.DEBUG: CORS analysis for request started. [] []
[2017-11-19 17:50:23] my_logger.INFO: Request is not CORS (request origin is empty). {"request":null,"server":"[object] (Neomerx\\Cors\\Http\\ParsedUrl: ://)"} []
[2017-11-19 17:50:23] my_logger.DEBUG: CORS analysis for request completed. [] []
[2017-11-19 17:50:57] my_logger.DEBUG: CORS analysis for request started. [] []
[2017-11-19 17:50:57] my_logger.INFO: Request is not CORS (request origin is empty). {"request":null,"server":"[object] (Neomerx\\Cors\\Http\\ParsedUrl: ://)"} []
[2017-11-19 17:50:57] my_logger.DEBUG: CORS analysis for request completed. [] []
[2017-11-19 17:51:32] my_logger.DEBUG: CORS analysis for request started. [] []
[2017-11-19 17:51:32] my_logger.INFO: Request is not CORS (request origin is empty). {"request":null,"server":"[object] (Neomerx\\Cors\\Http\\ParsedUrl: ://)"} []
[2017-11-19 17:51:32] my_logger.DEBUG: CORS analysis for request completed. [] []
[2017-11-19 17:51:57] my_logger.DEBUG: CORS analysis for request started. [] []
[2017-11-19 17:51:57] my_logger.INFO: Request is not CORS (request origin is empty). {"request":null,"server":"[object] (Neomerx\\Cors\\Http\\ParsedUrl: ://)"} []
[2017-11-19 17:51:57] my_logger.DEBUG: CORS analysis for request completed. [] []
[2017-11-19 17:53:25] my_logger.DEBUG: CORS analysis for request started. [] []
[2017-11-19 17:53:25] my_logger.INFO: Request is not CORS (request origin is empty). {"request":null,"server":"[object] (Neomerx\\Cors\\Http\\ParsedUrl: ://)"} []
[2017-11-19 17:53:25] my_logger.DEBUG: CORS analysis for request completed. [] []
[2017-11-19 17:01:25] my_logger.DEBUG: CORS analysis for request started. [] []
[2017-11-19 17:01:25] my_logger.INFO: Request is not CORS (request origin is empty). {"request":null,"server":"[object] (Neomerx\\Cors\\Http\\ParsedUrl: ://)"} []
[2017-11-19 17:01:25] my_logger.DEBUG: CORS analysis for request completed. [] []
[2017-11-19 17:02:13] my_logger.DEBUG: CORS analysis for request started. [] []
[2017-11-19 17:02:13] my_logger.INFO: Request is not CORS (request origin is empty). {"request":null,"server":"[object] (Neomerx\\Cors\\Http\\ParsedUrl: ://)"} []
[2017-11-19 17:02:13] my_logger.DEBUG: CORS analysis for request completed. [] []
[2017-11-19 17:02:52] my_logger.DEBUG: CORS analysis for request started. [] []
[2017-11-19 17:02:52] my_logger.INFO: Request is not CORS (request origin is empty). {"request":null,"server":"[object] (Neomerx\\Cors\\Http\\ParsedUrl: ://)"} []
[2017-11-19 17:02:52] my_logger.DEBUG: CORS analysis for request completed. [] []
[2017-11-19 17:03:57] my_logger.DEBUG: CORS analysis for request started. [] []
[2017-11-19 17:03:57] my_logger.INFO: Request is not CORS (request origin is empty). {"request":null,"server":"[object] (Neomerx\\Cors\\Http\\ParsedUrl: ://)"} []
[2017-11-19 17:03:57] my_logger.DEBUG: CORS analysis for request completed. [] []
[2017-11-19 17:04:28] my_logger.DEBUG: CORS analysis for request started. [] []
[2017-11-19 17:04:28] my_logger.INFO: Request is not CORS (request origin is empty). {"request":null,"server":"[object] (Neomerx\\Cors\\Http\\ParsedUrl: ://)"} []
[2017-11-19 17:04:28] my_logger.DEBUG: CORS analysis for request completed. [] []
[2017-11-19 17:05:33] my_logger.DEBUG: CORS analysis for request started. [] []
[2017-11-19 17:05:33] my_logger.INFO: Request is not CORS (request origin is empty). {"request":null,"server":"[object] (Neomerx\\Cors\\Http\\ParsedUrl: ://)"} []
[2017-11-19 17:05:33] my_logger.DEBUG: CORS analysis for request completed. [] []
[2017-11-19 17:07:21] my_logger.DEBUG: CORS analysis for request started. [] []
[2017-11-19 17:07:21] my_logger.INFO: Request is not CORS (request origin is empty). {"request":null,"server":"[object] (Neomerx\\Cors\\Http\\ParsedUrl: ://)"} []
[2017-11-19 17:07:21] my_logger.DEBUG: CORS analysis for request completed. [] []
[2017-11-19 17:10:06] my_logger.DEBUG: CORS analysis for request started. [] []
[2017-11-19 17:10:06] my_logger.INFO: Request is not CORS (request origin is empty). {"request":null,"server":"[object] (Neomerx\\Cors\\Http\\ParsedUrl: ://)"} []
[2017-11-19 17:10:06] my_logger.DEBUG: CORS analysis for request completed. [] []
[2017-11-19 17:10:33] my_logger.DEBUG: CORS analysis for request started. [] []
[2017-11-19 17:10:33] my_logger.INFO: Request is not CORS (request origin is empty). {"request":null,"server":"[object] (Neomerx\\Cors\\Http\\ParsedUrl: ://)"} []
[2017-11-19 17:10:33] my_logger.DEBUG: CORS analysis for request completed. [] []
[2017-11-19 17:22:01] my_logger.DEBUG: CORS analysis for request started. [] []
[2017-11-19 17:22:01] my_logger.INFO: Request is not CORS (request origin is empty). {"request":null,"server":"[object] (Neomerx\\Cors\\Http\\ParsedUrl: ://)"} []
[2017-11-19 17:22:01] my_logger.DEBUG: CORS analysis for request completed. [] []
